<?xml version="1.0" encoding="UTF-8"?>
<!-- Generated by org.testng.reporters.JUnitXMLReporter -->
<testsuite hostname="DESKTOP-70SA8NV" name="Default test" tests="4" failures="0" timestamp="16 Dec 2015 18:30:49 GMT" time="0.052" errors="0">
  <testcase name="test" time="0.012" classname="tests.enqDeqTest"/>
  <testcase name="test" time="0.012" classname="tests.enqDeqTest"/>
  <testcase name="test" time="0.012" classname="tests.enqDeqTest"/>
  <testcase name="test" time="0.012" classname="tests.enqDeqTest"/>
</testsuite> <!-- Default test -->
